Determining if the include file malloc/malloc.h exists failed with the following output:
Change Dir: /tmp/emsdk_portable/clang/fastcomp/build_master_64/CMakeFiles/CMakeTmp

Run Build Command:"/usr/bin/make" "cmTryCompileExec2251218521/fast"
/usr/bin/make -f CMakeFiles/cmTryCompileExec2251218521.dir/build.make CMakeFiles/cmTryCompileExec2251218521.dir/build
make[1]: Entering directory '/mnt/data/tmp/emsdk_portable/clang/fastcomp/build_master_64/CMakeFiles/CMakeTmp'
/usr/bin/cmake -E cmake_progress_report /tmp/emsdk_portable/clang/fastcomp/build_master_64/CMakeFiles/CMakeTmp/CMakeFiles 1
Building C object CMakeFiles/cmTryCompileExec2251218521.dir/CheckIncludeFile.c.o
/usr/bin/cc    -o CMakeFiles/cmTryCompileExec2251218521.dir/CheckIncludeFile.c.o   -c /tmp/emsdk_portable/clang/fastcomp/build_master_64/CMakeFiles/CMakeTmp/CheckIncludeFile.c
/tmp/emsdk_portable/clang/fastcomp/build_master_64/CMakeFiles/CMakeTmp/CheckIncludeFile.c:1:27: fatal error: malloc/malloc.h: No such file or directory
 #include <malloc/malloc.h>
                           ^
compilation terminated.
CMakeFiles/cmTryCompileExec2251218521.dir/build.make:57: recipe for target 'CMakeFiles/cmTryCompileExec2251218521.dir/CheckIncludeFile.c.o' failed
make[1]: *** [CMakeFiles/cmTryCompileExec2251218521.dir/CheckIncludeFile.c.o] Error 1
make[1]: Leaving directory '/mnt/data/tmp/emsdk_portable/clang/fastcomp/build_master_64/CMakeFiles/CMakeTmp'
Makefile:117: recipe for target 'cmTryCompileExec2251218521/fast' failed
make: *** [cmTryCompileExec2251218521/fast] Error 2


Determining if the include file ndir.h exists failed with the following output:
Change Dir: /tmp/emsdk_portable/clang/fastcomp/build_master_64/CMakeFiles/CMakeTmp

Run Build Command:"/usr/bin/make" "cmTryCompileExec888223137/fast"
/usr/bin/make -f CMakeFiles/cmTryCompileExec888223137.dir/build.make CMakeFiles/cmTryCompileExec888223137.dir/build
make[1]: Entering directory '/mnt/data/tmp/emsdk_portable/clang/fastcomp/build_master_64/CMakeFiles/CMakeTmp'
/usr/bin/cmake -E cmake_progress_report /tmp/emsdk_portable/clang/fastcomp/build_master_64/CMakeFiles/CMakeTmp/CMakeFiles 1
Building C object CMakeFiles/cmTryCompileExec888223137.dir/CheckIncludeFile.c.o
/usr/bin/cc    -o CMakeFiles/cmTryCompileExec888223137.dir/CheckIncludeFile.c.o   -c /tmp/emsdk_portable/clang/fastcomp/build_master_64/CMakeFiles/CMakeTmp/CheckIncludeFile.c
/tmp/emsdk_portable/clang/fastcomp/build_master_64/CMakeFiles/CMakeTmp/CheckIncludeFile.c:1:18: fatal error: ndir.h: No such file or directory
 #include <ndir.h>
                  ^
compilation terminated.
CMakeFiles/cmTryCompileExec888223137.dir/build.make:57: recipe for target 'CMakeFiles/cmTryCompileExec888223137.dir/CheckIncludeFile.c.o' failed
make[1]: *** [CMakeFiles/cmTryCompileExec888223137.dir/CheckIncludeFile.c.o] Error 1
make[1]: Leaving directory '/mnt/data/tmp/emsdk_portable/clang/fastcomp/build_master_64/CMakeFiles/CMakeTmp'
Makefile:117: recipe for target 'cmTryCompileExec888223137/fast' failed
make: *** [cmTryCompileExec888223137/fast] Error 2


Determining if the include file sys/ndir.h exists failed with the following output:
Change Dir: /tmp/emsdk_portable/clang/fastcomp/build_master_64/CMakeFiles/CMakeTmp

Run Build Command:"/usr/bin/make" "cmTryCompileExec1898837640/fast"
/usr/bin/make -f CMakeFiles/cmTryCompileExec1898837640.dir/build.make CMakeFiles/cmTryCompileExec1898837640.dir/build
make[1]: Entering directory '/mnt/data/tmp/emsdk_portable/clang/fastcomp/build_master_64/CMakeFiles/CMakeTmp'
/usr/bin/cmake -E cmake_progress_report /tmp/emsdk_portable/clang/fastcomp/build_master_64/CMakeFiles/CMakeTmp/CMakeFiles 1
Building C object CMakeFiles/cmTryCompileExec1898837640.dir/CheckIncludeFile.c.o
/usr/bin/cc    -o CMakeFiles/cmTryCompileExec1898837640.dir/CheckIncludeFile.c.o   -c /tmp/emsdk_portable/clang/fastcomp/build_master_64/CMakeFiles/CMakeTmp/CheckIncludeFile.c
/tmp/emsdk_portable/clang/fastcomp/build_master_64/CMakeFiles/CMakeTmp/CheckIncludeFile.c:1:22: fatal error: sys/ndir.h: No such file or directory
 #include <sys/ndir.h>
                      ^
compilation terminated.
CMakeFiles/cmTryCompileExec1898837640.dir/build.make:57: recipe for target 'CMakeFiles/cmTryCompileExec1898837640.dir/CheckIncludeFile.c.o' failed
make[1]: *** [CMakeFiles/cmTryCompileExec1898837640.dir/CheckIncludeFile.c.o] Error 1
make[1]: Leaving directory '/mnt/data/tmp/emsdk_portable/clang/fastcomp/build_master_64/CMakeFiles/CMakeTmp'
Makefile:117: recipe for target 'cmTryCompileExec1898837640/fast' failed
make: *** [cmTryCompileExec1898837640/fast] Error 2


Determining if the include file valgrind/valgrind.h exists failed with the following output:
Change Dir: /tmp/emsdk_portable/clang/fastcomp/build_master_64/CMakeFiles/CMakeTmp

Run Build Command:"/usr/bin/make" "cmTryCompileExec3940224797/fast"
/usr/bin/make -f CMakeFiles/cmTryCompileExec3940224797.dir/build.make CMakeFiles/cmTryCompileExec3940224797.dir/build
make[1]: Entering directory '/mnt/data/tmp/emsdk_portable/clang/fastcomp/build_master_64/CMakeFiles/CMakeTmp'
/usr/bin/cmake -E cmake_progress_report /tmp/emsdk_portable/clang/fastcomp/build_master_64/CMakeFiles/CMakeTmp/CMakeFiles 1
Building C object CMakeFiles/cmTryCompileExec3940224797.dir/CheckIncludeFile.c.o
/usr/bin/cc    -o CMakeFiles/cmTryCompileExec3940224797.dir/CheckIncludeFile.c.o   -c /tmp/emsdk_portable/clang/fastcomp/build_master_64/CMakeFiles/CMakeTmp/CheckIncludeFile.c
/tmp/emsdk_portable/clang/fastcomp/build_master_64/CMakeFiles/CMakeTmp/CheckIncludeFile.c:1:31: fatal error: valgrind/valgrind.h: No such file or directory
 #include <valgrind/valgrind.h>
                               ^
compilation terminated.
CMakeFiles/cmTryCompileExec3940224797.dir/build.make:57: recipe for target 'CMakeFiles/cmTryCompileExec3940224797.dir/CheckIncludeFile.c.o' failed
make[1]: *** [CMakeFiles/cmTryCompileExec3940224797.dir/CheckIncludeFile.c.o] Error 1
make[1]: Leaving directory '/mnt/data/tmp/emsdk_portable/clang/fastcomp/build_master_64/CMakeFiles/CMakeTmp'
Makefile:117: recipe for target 'cmTryCompileExec3940224797/fast' failed
make: *** [cmTryCompileExec3940224797/fast] Error 2


Determining if the include file zlib.h exists failed with the following output:
Change Dir: /tmp/emsdk_portable/clang/fastcomp/build_master_64/CMakeFiles/CMakeTmp

Run Build Command:"/usr/bin/make" "cmTryCompileExec1159572155/fast"
/usr/bin/make -f CMakeFiles/cmTryCompileExec1159572155.dir/build.make CMakeFiles/cmTryCompileExec1159572155.dir/build
make[1]: Entering directory '/mnt/data/tmp/emsdk_portable/clang/fastcomp/build_master_64/CMakeFiles/CMakeTmp'
/usr/bin/cmake -E cmake_progress_report /tmp/emsdk_portable/clang/fastcomp/build_master_64/CMakeFiles/CMakeTmp/CMakeFiles 1
Building C object CMakeFiles/cmTryCompileExec1159572155.dir/CheckIncludeFile.c.o
/usr/bin/cc    -o CMakeFiles/cmTryCompileExec1159572155.dir/CheckIncludeFile.c.o   -c /tmp/emsdk_portable/clang/fastcomp/build_master_64/CMakeFiles/CMakeTmp/CheckIncludeFile.c
/tmp/emsdk_portable/clang/fastcomp/build_master_64/CMakeFiles/CMakeTmp/CheckIncludeFile.c:1:18: fatal error: zlib.h: No such file or directory
 #include <zlib.h>
                  ^
compilation terminated.
CMakeFiles/cmTryCompileExec1159572155.dir/build.make:57: recipe for target 'CMakeFiles/cmTryCompileExec1159572155.dir/CheckIncludeFile.c.o' failed
make[1]: *** [CMakeFiles/cmTryCompileExec1159572155.dir/CheckIncludeFile.c.o] Error 1
make[1]: Leaving directory '/mnt/data/tmp/emsdk_portable/clang/fastcomp/build_master_64/CMakeFiles/CMakeTmp'
Makefile:117: recipe for target 'cmTryCompileExec1159572155/fast' failed
make: *** [cmTryCompileExec1159572155/fast] Error 2


Determining if the include file mach/mach.h exists failed with the following output:
Change Dir: /tmp/emsdk_portable/clang/fastcomp/build_master_64/CMakeFiles/CMakeTmp

Run Build Command:"/usr/bin/make" "cmTryCompileExec4061794809/fast"
/usr/bin/make -f CMakeFiles/cmTryCompileExec4061794809.dir/build.make CMakeFiles/cmTryCompileExec4061794809.dir/build
make[1]: Entering directory '/mnt/data/tmp/emsdk_portable/clang/fastcomp/build_master_64/CMakeFiles/CMakeTmp'
/usr/bin/cmake -E cmake_progress_report /tmp/emsdk_portable/clang/fastcomp/build_master_64/CMakeFiles/CMakeTmp/CMakeFiles 1
Building C object CMakeFiles/cmTryCompileExec4061794809.dir/CheckIncludeFile.c.o
/usr/bin/cc    -o CMakeFiles/cmTryCompileExec4061794809.dir/CheckIncludeFile.c.o   -c /tmp/emsdk_portable/clang/fastcomp/build_master_64/CMakeFiles/CMakeTmp/CheckIncludeFile.c
/tmp/emsdk_portable/clang/fastcomp/build_master_64/CMakeFiles/CMakeTmp/CheckIncludeFile.c:1:23: fatal error: mach/mach.h: No such file or directory
 #include <mach/mach.h>
                       ^
compilation terminated.
CMakeFiles/cmTryCompileExec4061794809.dir/build.make:57: recipe for target 'CMakeFiles/cmTryCompileExec4061794809.dir/CheckIncludeFile.c.o' failed
make[1]: *** [CMakeFiles/cmTryCompileExec4061794809.dir/CheckIncludeFile.c.o] Error 1
make[1]: Leaving directory '/mnt/data/tmp/emsdk_portable/clang/fastcomp/build_master_64/CMakeFiles/CMakeTmp'
Makefile:117: recipe for target 'cmTryCompileExec4061794809/fast' failed
make: *** [cmTryCompileExec4061794809/fast] Error 2


Determining if the include file mach-o/dyld.h exists failed with the following output:
Change Dir: /tmp/emsdk_portable/clang/fastcomp/build_master_64/CMakeFiles/CMakeTmp

Run Build Command:"/usr/bin/make" "cmTryCompileExec2235861132/fast"
/usr/bin/make -f CMakeFiles/cmTryCompileExec2235861132.dir/build.make CMakeFiles/cmTryCompileExec2235861132.dir/build
make[1]: Entering directory '/mnt/data/tmp/emsdk_portable/clang/fastcomp/build_master_64/CMakeFiles/CMakeTmp'
/usr/bin/cmake -E cmake_progress_report /tmp/emsdk_portable/clang/fastcomp/build_master_64/CMakeFiles/CMakeTmp/CMakeFiles 1
Building C object CMakeFiles/cmTryCompileExec2235861132.dir/CheckIncludeFile.c.o
/usr/bin/cc    -o CMakeFiles/cmTryCompileExec2235861132.dir/CheckIncludeFile.c.o   -c /tmp/emsdk_portable/clang/fastcomp/build_master_64/CMakeFiles/CMakeTmp/CheckIncludeFile.c
/tmp/emsdk_portable/clang/fastcomp/build_master_64/CMakeFiles/CMakeTmp/CheckIncludeFile.c:1:25: fatal error: mach-o/dyld.h: No such file or directory
 #include <mach-o/dyld.h>
                         ^
compilation terminated.
CMakeFiles/cmTryCompileExec2235861132.dir/build.make:57: recipe for target 'CMakeFiles/cmTryCompileExec2235861132.dir/CheckIncludeFile.c.o' failed
make[1]: *** [CMakeFiles/cmTryCompileExec2235861132.dir/CheckIncludeFile.c.o] Error 1
make[1]: Leaving directory '/mnt/data/tmp/emsdk_portable/clang/fastcomp/build_master_64/CMakeFiles/CMakeTmp'
Makefile:117: recipe for target 'cmTryCompileExec2235861132/fast' failed
make: *** [cmTryCompileExec2235861132/fast] Error 2


Determining if the include file histedit.h exists failed with the following output:
Change Dir: /tmp/emsdk_portable/clang/fastcomp/build_master_64/CMakeFiles/CMakeTmp

Run Build Command:"/usr/bin/make" "cmTryCompileExec3635029381/fast"
/usr/bin/make -f CMakeFiles/cmTryCompileExec3635029381.dir/build.make CMakeFiles/cmTryCompileExec3635029381.dir/build
make[1]: Entering directory '/mnt/data/tmp/emsdk_portable/clang/fastcomp/build_master_64/CMakeFiles/CMakeTmp'
/usr/bin/cmake -E cmake_progress_report /tmp/emsdk_portable/clang/fastcomp/build_master_64/CMakeFiles/CMakeTmp/CMakeFiles 1
Building C object CMakeFiles/cmTryCompileExec3635029381.dir/CheckIncludeFile.c.o
/usr/bin/cc    -o CMakeFiles/cmTryCompileExec3635029381.dir/CheckIncludeFile.c.o   -c /tmp/emsdk_portable/clang/fastcomp/build_master_64/CMakeFiles/CMakeTmp/CheckIncludeFile.c
/tmp/emsdk_portable/clang/fastcomp/build_master_64/CMakeFiles/CMakeTmp/CheckIncludeFile.c:1:22: fatal error: histedit.h: No such file or directory
 #include <histedit.h>
                      ^
compilation terminated.
CMakeFiles/cmTryCompileExec3635029381.dir/build.make:57: recipe for target 'CMakeFiles/cmTryCompileExec3635029381.dir/CheckIncludeFile.c.o' failed
make[1]: *** [CMakeFiles/cmTryCompileExec3635029381.dir/CheckIncludeFile.c.o] Error 1
make[1]: Leaving directory '/mnt/data/tmp/emsdk_portable/clang/fastcomp/build_master_64/CMakeFiles/CMakeTmp'
Makefile:117: recipe for target 'cmTryCompileExec3635029381/fast' failed
make: *** [cmTryCompileExec3635029381/fast] Error 2


Determining if the function compress2 exists in the z failed with the following output:
Change Dir: /tmp/emsdk_portable/clang/fastcomp/build_master_64/CMakeFiles/CMakeTmp

Run Build Command:"/usr/bin/make" "cmTryCompileExec3918295116/fast"
/usr/bin/make -f CMakeFiles/cmTryCompileExec3918295116.dir/build.make CMakeFiles/cmTryCompileExec3918295116.dir/build
make[1]: Entering directory '/mnt/data/tmp/emsdk_portable/clang/fastcomp/build_master_64/CMakeFiles/CMakeTmp'
/usr/bin/cmake -E cmake_progress_report /tmp/emsdk_portable/clang/fastcomp/build_master_64/CMakeFiles/CMakeTmp/CMakeFiles 1
Building C object CMakeFiles/cmTryCompileExec3918295116.dir/CheckFunctionExists.c.o
/usr/bin/cc   -DCHECK_FUNCTION_EXISTS=compress2   -o CMakeFiles/cmTryCompileExec3918295116.dir/CheckFunctionExists.c.o   -c /usr/share/cmake-3.2/Modules/CheckFunctionExists.c
Linking C executable cmTryCompileExec3918295116
/usr/bin/cmake -E cmake_link_script CMakeFiles/cmTryCompileExec3918295116.dir/link.txt --verbose=1
/usr/bin/cc   -DCHECK_FUNCTION_EXISTS=compress2    CMakeFiles/cmTryCompileExec3918295116.dir/CheckFunctionExists.c.o  -o cmTryCompileExec3918295116 -rdynamic -lz -lm 
/usr/bin/ld: cannot find -lz
collect2: error: ld returned 1 exit status
CMakeFiles/cmTryCompileExec3918295116.dir/build.make:88: recipe for target 'cmTryCompileExec3918295116' failed
make[1]: *** [cmTryCompileExec3918295116] Error 1
make[1]: Leaving directory '/mnt/data/tmp/emsdk_portable/clang/fastcomp/build_master_64/CMakeFiles/CMakeTmp'
Makefile:117: recipe for target 'cmTryCompileExec3918295116/fast' failed
make: *** [cmTryCompileExec3918295116/fast] Error 2


Determining if the arc4random exist failed with the following output:
Change Dir: /tmp/emsdk_portable/clang/fastcomp/build_master_64/CMakeFiles/CMakeTmp

Run Build Command:"/usr/bin/make" "cmTryCompileExec3567115159/fast"
/usr/bin/make -f CMakeFiles/cmTryCompileExec3567115159.dir/build.make CMakeFiles/cmTryCompileExec3567115159.dir/build
make[1]: Entering directory '/mnt/data/tmp/emsdk_portable/clang/fastcomp/build_master_64/CMakeFiles/CMakeTmp'
/usr/bin/cmake -E cmake_progress_report /tmp/emsdk_portable/clang/fastcomp/build_master_64/CMakeFiles/CMakeTmp/CMakeFiles 1
Building C object CMakeFiles/cmTryCompileExec3567115159.dir/CheckSymbolExists.c.o
/usr/bin/cc    -o CMakeFiles/cmTryCompileExec3567115159.dir/CheckSymbolExists.c.o   -c /tmp/emsdk_portable/clang/fastcomp/build_master_64/CMakeFiles/CMakeTmp/CheckSymbolExists.c
/tmp/emsdk_portable/clang/fastcomp/build_master_64/CMakeFiles/CMakeTmp/CheckSymbolExists.c: In function 'main':
/tmp/emsdk_portable/clang/fastcomp/build_master_64/CMakeFiles/CMakeTmp/CheckSymbolExists.c:8:19: error: 'arc4random' undeclared (first use in this function)
   return ((int*)(&arc4random))[argc];
                   ^
/tmp/emsdk_portable/clang/fastcomp/build_master_64/CMakeFiles/CMakeTmp/CheckSymbolExists.c:8:19: note: each undeclared identifier is reported only once for each function it appears in
CMakeFiles/cmTryCompileExec3567115159.dir/build.make:57: recipe for target 'CMakeFiles/cmTryCompileExec3567115159.dir/CheckSymbolExists.c.o' failed
make[1]: *** [CMakeFiles/cmTryCompileExec3567115159.dir/CheckSymbolExists.c.o] Error 1
make[1]: Leaving directory '/mnt/data/tmp/emsdk_portable/clang/fastcomp/build_master_64/CMakeFiles/CMakeTmp'
Makefile:117: recipe for target 'cmTryCompileExec3567115159/fast' failed
make: *** [cmTryCompileExec3567115159/fast] Error 2

File /tmp/emsdk_portable/clang/fastcomp/build_master_64/CMakeFiles/CMakeTmp/CheckSymbolExists.c:
/* */
#include <stdlib.h>

int main(int argc, char** argv)
{
  (void)argv;
#ifndef arc4random
  return ((int*)(&arc4random))[argc];
#else
  (void)argc;
  return 0;
#endif
}

Determining if the mallctl exist failed with the following output:
Change Dir: /tmp/emsdk_portable/clang/fastcomp/build_master_64/CMakeFiles/CMakeTmp

Run Build Command:"/usr/bin/make" "cmTryCompileExec3088744269/fast"
/usr/bin/make -f CMakeFiles/cmTryCompileExec3088744269.dir/build.make CMakeFiles/cmTryCompileExec3088744269.dir/build
make[1]: Entering directory '/mnt/data/tmp/emsdk_portable/clang/fastcomp/build_master_64/CMakeFiles/CMakeTmp'
/usr/bin/cmake -E cmake_progress_report /tmp/emsdk_portable/clang/fastcomp/build_master_64/CMakeFiles/CMakeTmp/CMakeFiles 1
Building C object CMakeFiles/cmTryCompileExec3088744269.dir/CheckSymbolExists.c.o
/usr/bin/cc    -o CMakeFiles/cmTryCompileExec3088744269.dir/CheckSymbolExists.c.o   -c /tmp/emsdk_portable/clang/fastcomp/build_master_64/CMakeFiles/CMakeTmp/CheckSymbolExists.c
/tmp/emsdk_portable/clang/fastcomp/build_master_64/CMakeFiles/CMakeTmp/CheckSymbolExists.c:2:23: fatal error: malloc_np.h: No such file or directory
 #include <malloc_np.h>
                       ^
compilation terminated.
CMakeFiles/cmTryCompileExec3088744269.dir/build.make:57: recipe for target 'CMakeFiles/cmTryCompileExec3088744269.dir/CheckSymbolExists.c.o' failed
make[1]: *** [CMakeFiles/cmTryCompileExec3088744269.dir/CheckSymbolExists.c.o] Error 1
make[1]: Leaving directory '/mnt/data/tmp/emsdk_portable/clang/fastcomp/build_master_64/CMakeFiles/CMakeTmp'
Makefile:117: recipe for target 'cmTryCompileExec3088744269/fast' failed
make: *** [cmTryCompileExec3088744269/fast] Error 2

File /tmp/emsdk_portable/clang/fastcomp/build_master_64/CMakeFiles/CMakeTmp/CheckSymbolExists.c:
/* */
#include <malloc_np.h>

int main(int argc, char** argv)
{
  (void)argv;
#ifndef mallctl
  return ((int*)(&mallctl))[argc];
#else
  (void)argc;
  return 0;
#endif
}

Determining if the malloc_zone_statistics exist failed with the following output:
Change Dir: /tmp/emsdk_portable/clang/fastcomp/build_master_64/CMakeFiles/CMakeTmp

Run Build Command:"/usr/bin/make" "cmTryCompileExec1224199238/fast"
/usr/bin/make -f CMakeFiles/cmTryCompileExec1224199238.dir/build.make CMakeFiles/cmTryCompileExec1224199238.dir/build
make[1]: Entering directory '/mnt/data/tmp/emsdk_portable/clang/fastcomp/build_master_64/CMakeFiles/CMakeTmp'
/usr/bin/cmake -E cmake_progress_report /tmp/emsdk_portable/clang/fastcomp/build_master_64/CMakeFiles/CMakeTmp/CMakeFiles 1
Building C object CMakeFiles/cmTryCompileExec1224199238.dir/CheckSymbolExists.c.o
/usr/bin/cc    -o CMakeFiles/cmTryCompileExec1224199238.dir/CheckSymbolExists.c.o   -c /tmp/emsdk_portable/clang/fastcomp/build_master_64/CMakeFiles/CMakeTmp/CheckSymbolExists.c
/tmp/emsdk_portable/clang/fastcomp/build_master_64/CMakeFiles/CMakeTmp/CheckSymbolExists.c:2:27: fatal error: malloc/malloc.h: No such file or directory
 #include <malloc/malloc.h>
                           ^
compilation terminated.
CMakeFiles/cmTryCompileExec1224199238.dir/build.make:57: recipe for target 'CMakeFiles/cmTryCompileExec1224199238.dir/CheckSymbolExists.c.o' failed
make[1]: *** [CMakeFiles/cmTryCompileExec1224199238.dir/CheckSymbolExists.c.o] Error 1
make[1]: Leaving directory '/mnt/data/tmp/emsdk_portable/clang/fastcomp/build_master_64/CMakeFiles/CMakeTmp'
Makefile:117: recipe for target 'cmTryCompileExec1224199238/fast' failed
make: *** [cmTryCompileExec1224199238/fast] Error 2

File /tmp/emsdk_portable/clang/fastcomp/build_master_64/CMakeFiles/CMakeTmp/CheckSymbolExists.c:
/* */
#include <malloc/malloc.h>

int main(int argc, char** argv)
{
  (void)argv;
#ifndef malloc_zone_statistics
  return ((int*)(&malloc_zone_statistics))[argc];
#else
  (void)argc;
  return 0;
#endif
}

Determining if the strerror_s exist failed with the following output:
Change Dir: /tmp/emsdk_portable/clang/fastcomp/build_master_64/CMakeFiles/CMakeTmp

Run Build Command:"/usr/bin/make" "cmTryCompileExec3927432446/fast"
/usr/bin/make -f CMakeFiles/cmTryCompileExec3927432446.dir/build.make CMakeFiles/cmTryCompileExec3927432446.dir/build
make[1]: Entering directory '/mnt/data/tmp/emsdk_portable/clang/fastcomp/build_master_64/CMakeFiles/CMakeTmp'
/usr/bin/cmake -E cmake_progress_report /tmp/emsdk_portable/clang/fastcomp/build_master_64/CMakeFiles/CMakeTmp/CMakeFiles 1
Building C object CMakeFiles/cmTryCompileExec3927432446.dir/CheckSymbolExists.c.o
/usr/bin/cc    -o CMakeFiles/cmTryCompileExec3927432446.dir/CheckSymbolExists.c.o   -c /tmp/emsdk_portable/clang/fastcomp/build_master_64/CMakeFiles/CMakeTmp/CheckSymbolExists.c
/tmp/emsdk_portable/clang/fastcomp/build_master_64/CMakeFiles/CMakeTmp/CheckSymbolExists.c: In function 'main':
/tmp/emsdk_portable/clang/fastcomp/build_master_64/CMakeFiles/CMakeTmp/CheckSymbolExists.c:8:19: error: 'strerror_s' undeclared (first use in this function)
   return ((int*)(&strerror_s))[argc];
                   ^
/tmp/emsdk_portable/clang/fastcomp/build_master_64/CMakeFiles/CMakeTmp/CheckSymbolExists.c:8:19: note: each undeclared identifier is reported only once for each function it appears in
CMakeFiles/cmTryCompileExec3927432446.dir/build.make:57: recipe for target 'CMakeFiles/cmTryCompileExec3927432446.dir/CheckSymbolExists.c.o' failed
make[1]: *** [CMakeFiles/cmTryCompileExec3927432446.dir/CheckSymbolExists.c.o] Error 1
make[1]: Leaving directory '/mnt/data/tmp/emsdk_portable/clang/fastcomp/build_master_64/CMakeFiles/CMakeTmp'
Makefile:117: recipe for target 'cmTryCompileExec3927432446/fast' failed
make: *** [cmTryCompileExec3927432446/fast] Error 2

File /tmp/emsdk_portable/clang/fastcomp/build_master_64/CMakeFiles/CMakeTmp/CheckSymbolExists.c:
/* */
#include <string.h>

int main(int argc, char** argv)
{
  (void)argv;
#ifndef strerror_s
  return ((int*)(&strerror_s))[argc];
#else
  (void)argc;
  return 0;
#endif
}

Determining if the function __atomic_fetch_add_4 exists failed with the following output:
Change Dir: /tmp/emsdk_portable/clang/fastcomp/build_master_64/CMakeFiles/CMakeTmp

Run Build Command:"/usr/bin/make" "cmTryCompileExec2006155501/fast"
/usr/bin/make -f CMakeFiles/cmTryCompileExec2006155501.dir/build.make CMakeFiles/cmTryCompileExec2006155501.dir/build
make[1]: Entering directory '/mnt/data/tmp/emsdk_portable/clang/fastcomp/build_master_64/CMakeFiles/CMakeTmp'
/usr/bin/cmake -E cmake_progress_report /tmp/emsdk_portable/clang/fastcomp/build_master_64/CMakeFiles/CMakeTmp/CMakeFiles 1
Building C object CMakeFiles/cmTryCompileExec2006155501.dir/CheckFunctionExists.c.o
/usr/bin/cc   -DCHECK_FUNCTION_EXISTS=__atomic_fetch_add_4   -o CMakeFiles/cmTryCompileExec2006155501.dir/CheckFunctionExists.c.o   -c /usr/share/cmake-3.2/Modules/CheckFunctionExists.c
<command-line>:0:23: warning: conflicting types for built-in function '__atomic_fetch_add_4'
/usr/share/cmake-3.2/Modules/CheckFunctionExists.c:3:6: note: in expansion of macro 'CHECK_FUNCTION_EXISTS'
 char CHECK_FUNCTION_EXISTS();
      ^
Linking C executable cmTryCompileExec2006155501
/usr/bin/cmake -E cmake_link_script CMakeFiles/cmTryCompileExec2006155501.dir/link.txt --verbose=1
/usr/bin/cc   -DCHECK_FUNCTION_EXISTS=__atomic_fetch_add_4    CMakeFiles/cmTryCompileExec2006155501.dir/CheckFunctionExists.c.o  -o cmTryCompileExec2006155501 -rdynamic -lm 
CMakeFiles/cmTryCompileExec2006155501.dir/CheckFunctionExists.c.o: In function `main':
CheckFunctionExists.c:(.text+0x15): undefined reference to `__atomic_fetch_add_4'
collect2: error: ld returned 1 exit status
CMakeFiles/cmTryCompileExec2006155501.dir/build.make:88: recipe for target 'cmTryCompileExec2006155501' failed
make[1]: *** [cmTryCompileExec2006155501] Error 1
make[1]: Leaving directory '/mnt/data/tmp/emsdk_portable/clang/fastcomp/build_master_64/CMakeFiles/CMakeTmp'
Makefile:117: recipe for target 'cmTryCompileExec2006155501/fast' failed
make: *** [cmTryCompileExec2006155501/fast] Error 2


Performing C SOURCE FILE Test C_SUPPORTS_COVERED_SWITCH_DEFAULT_FLAG failed with the following output:
Change Dir: /tmp/emsdk_portable/clang/fastcomp/build_master_64/CMakeFiles/CMakeTmp

Run Build Command:"/usr/bin/make" "cmTryCompileExec1258341037/fast"
/usr/bin/make -f CMakeFiles/cmTryCompileExec1258341037.dir/build.make CMakeFiles/cmTryCompileExec1258341037.dir/build
make[1]: Entering directory '/mnt/data/tmp/emsdk_portable/clang/fastcomp/build_master_64/CMakeFiles/CMakeTmp'
/usr/bin/cmake -E cmake_progress_report /tmp/emsdk_portable/clang/fastcomp/build_master_64/CMakeFiles/CMakeTmp/CMakeFiles 1
Building C object CMakeFiles/cmTryCompileExec1258341037.dir/src.c.o
/usr/bin/cc   -fPIC -Wall -W -Wno-unused-parameter -Wwrite-strings -Wno-missing-field-initializers -pedantic -Wno-long-long -DC_SUPPORTS_COVERED_SWITCH_DEFAULT_FLAG   -Werror -Wcovered-switch-default -o CMakeFiles/cmTryCompileExec1258341037.dir/src.c.o   -c /tmp/emsdk_portable/clang/fastcomp/build_master_64/CMakeFiles/CMakeTmp/src.c
cc: error: unrecognized command line option '-Wcovered-switch-default'
CMakeFiles/cmTryCompileExec1258341037.dir/build.make:57: recipe for target 'CMakeFiles/cmTryCompileExec1258341037.dir/src.c.o' failed
make[1]: *** [CMakeFiles/cmTryCompileExec1258341037.dir/src.c.o] Error 1
make[1]: Leaving directory '/mnt/data/tmp/emsdk_portable/clang/fastcomp/build_master_64/CMakeFiles/CMakeTmp'
Makefile:117: recipe for target 'cmTryCompileExec1258341037/fast' failed
make: *** [cmTryCompileExec1258341037/fast] Error 2

Source file was:
int main(void) { return 0; }
Performing C++ SOURCE FILE Test CXX_SUPPORTS_COVERED_SWITCH_DEFAULT_FLAG failed with the following output:
Change Dir: /tmp/emsdk_portable/clang/fastcomp/build_master_64/CMakeFiles/CMakeTmp

Run Build Command:"/usr/bin/make" "cmTryCompileExec2241028614/fast"
/usr/bin/make -f CMakeFiles/cmTryCompileExec2241028614.dir/build.make CMakeFiles/cmTryCompileExec2241028614.dir/build
make[1]: Entering directory '/mnt/data/tmp/emsdk_portable/clang/fastcomp/build_master_64/CMakeFiles/CMakeTmp'
/usr/bin/cmake -E cmake_progress_report /tmp/emsdk_portable/clang/fastcomp/build_master_64/CMakeFiles/CMakeTmp/CMakeFiles 1
Building CXX object CMakeFiles/cmTryCompileExec2241028614.dir/src.cxx.o
/usr/bin/c++    -fPIC -fvisibility-inlines-hidden -Wall -W -Wno-unused-parameter -Wwrite-strings -Wcast-qual -Wno-missing-field-initializers -pedantic -Wno-long-long -DCXX_SUPPORTS_COVERED_SWITCH_DEFAULT_FLAG   -Werror -Wcovered-switch-default -o CMakeFiles/cmTryCompileExec2241028614.dir/src.cxx.o -c /tmp/emsdk_portable/clang/fastcomp/build_master_64/CMakeFiles/CMakeTmp/src.cxx
c++: error: unrecognized command line option '-Wcovered-switch-default'
CMakeFiles/cmTryCompileExec2241028614.dir/build.make:57: recipe for target 'CMakeFiles/cmTryCompileExec2241028614.dir/src.cxx.o' failed
make[1]: Leaving directory '/mnt/data/tmp/emsdk_portable/clang/fastcomp/build_master_64/CMakeFiles/CMakeTmp'
make[1]: *** [CMakeFiles/cmTryCompileExec2241028614.dir/src.cxx.o] Error 1
Makefile:117: recipe for target 'cmTryCompileExec2241028614/fast' failed
make: *** [cmTryCompileExec2241028614/fast] Error 2

Source file was:
int main() { return 0; }
Performing C++ SOURCE FILE Test CXX_WONT_WARN_ON_FINAL_NONVIRTUALDTOR failed with the following output:
Change Dir: /tmp/emsdk_portable/clang/fastcomp/build_master_64/CMakeFiles/CMakeTmp

Run Build Command:"/usr/bin/make" "cmTryCompileExec3876094078/fast"
/usr/bin/make -f CMakeFiles/cmTryCompileExec3876094078.dir/build.make CMakeFiles/cmTryCompileExec3876094078.dir/build
make[1]: Entering directory '/mnt/data/tmp/emsdk_portable/clang/fastcomp/build_master_64/CMakeFiles/CMakeTmp'
/usr/bin/cmake -E cmake_progress_report /tmp/emsdk_portable/clang/fastcomp/build_master_64/CMakeFiles/CMakeTmp/CMakeFiles 1
Building CXX object CMakeFiles/cmTryCompileExec3876094078.dir/src.cxx.o
/usr/bin/c++    -fPIC -fvisibility-inlines-hidden -Wall -W -Wno-unused-parameter -Wwrite-strings -Wcast-qual -Wno-missing-field-initializers -pedantic -Wno-long-long -Wno-maybe-uninitialized -DCXX_WONT_WARN_ON_FINAL_NONVIRTUALDTOR  -std=c++11 -Werror=non-virtual-dtor   -o CMakeFiles/cmTryCompileExec3876094078.dir/src.cxx.o -c /tmp/emsdk_portable/clang/fastcomp/build_master_64/CMakeFiles/CMakeTmp/src.cxx
/tmp/emsdk_portable/clang/fastcomp/build_master_64/CMakeFiles/CMakeTmp/src.cxx:2:38: error: 'class derived' has virtual functions and accessible non-virtual destructor [-Werror=non-virtual-dtor]
                                class derived final : public base { public: ~derived();};
                                      ^
cc1plus: some warnings being treated as errors
CMakeFiles/cmTryCompileExec3876094078.dir/build.make:57: recipe for target 'CMakeFiles/cmTryCompileExec3876094078.dir/src.cxx.o' failed
make[1]: *** [CMakeFiles/cmTryCompileExec3876094078.dir/src.cxx.o] Error 1
make[1]: Leaving directory '/mnt/data/tmp/emsdk_portable/clang/fastcomp/build_master_64/CMakeFiles/CMakeTmp'
Makefile:117: recipe for target 'cmTryCompileExec3876094078/fast' failed
make: *** [cmTryCompileExec3876094078/fast] Error 2

Source file was:
class base {public: virtual void anchor();protected: ~base();};
                               class derived final : public base { public: ~derived();};
                               int main() { return 0; }
Performing C SOURCE FILE Test C_WCOMMENT_ALLOWS_LINE_WRAP failed with the following output:
Change Dir: /tmp/emsdk_portable/clang/fastcomp/build_master_64/CMakeFiles/CMakeTmp

Run Build Command:"/usr/bin/make" "cmTryCompileExec783040421/fast"
/usr/bin/make -f CMakeFiles/cmTryCompileExec783040421.dir/build.make CMakeFiles/cmTryCompileExec783040421.dir/build
make[1]: Entering directory '/mnt/data/tmp/emsdk_portable/clang/fastcomp/build_master_64/CMakeFiles/CMakeTmp'
/usr/bin/cmake -E cmake_progress_report /tmp/emsdk_portable/clang/fastcomp/build_master_64/CMakeFiles/CMakeTmp/CMakeFiles 1
Building C object CMakeFiles/cmTryCompileExec783040421.dir/src.c.o
/usr/bin/cc   -fPIC -Wall -W -Wno-unused-parameter -Wwrite-strings -Wno-missing-field-initializers -pedantic -Wno-long-long -DC_WCOMMENT_ALLOWS_LINE_WRAP  -Werror -Wcomment   -o CMakeFiles/cmTryCompileExec783040421.dir/src.c.o   -c /tmp/emsdk_portable/clang/fastcomp/build_master_64/CMakeFiles/CMakeTmp/src.c
/tmp/emsdk_portable/clang/fastcomp/build_master_64/CMakeFiles/CMakeTmp/src.c:1:1: error: C++ style comments are not allowed in ISO C90 [-Werror]
 // \
 ^
/tmp/emsdk_portable/clang/fastcomp/build_master_64/CMakeFiles/CMakeTmp/src.c:1:1: error: (this will be reported only once per input file) [-Werror]
/tmp/emsdk_portable/clang/fastcomp/build_master_64/CMakeFiles/CMakeTmp/src.c:1:1: error: multi-line comment [-Werror=comment]
cc1: all warnings being treated as errors
CMakeFiles/cmTryCompileExec783040421.dir/build.make:57: recipe for target 'CMakeFiles/cmTryCompileExec783040421.dir/src.c.o' failed
make[1]: *** [CMakeFiles/cmTryCompileExec783040421.dir/src.c.o] Error 1
make[1]: Leaving directory '/mnt/data/tmp/emsdk_portable/clang/fastcomp/build_master_64/CMakeFiles/CMakeTmp'
Makefile:117: recipe for target 'cmTryCompileExec783040421/fast' failed
make: *** [cmTryCompileExec783040421/fast] Error 2

Source file was:
// \
//
int main() {return 0;}
Performing C++ SOURCE FILE Test CXX_SUPPORTS_NO_NESTED_ANON_TYPES_FLAG failed with the following output:
Change Dir: /tmp/emsdk_portable/clang/fastcomp/build_master_64/CMakeFiles/CMakeTmp

Run Build Command:"/usr/bin/make" "cmTryCompileExec2099213169/fast"
/usr/bin/make -f CMakeFiles/cmTryCompileExec2099213169.dir/build.make CMakeFiles/cmTryCompileExec2099213169.dir/build
make[1]: Entering directory '/mnt/data/tmp/emsdk_portable/clang/fastcomp/build_master_64/CMakeFiles/CMakeTmp'
/usr/bin/cmake -E cmake_progress_report /tmp/emsdk_portable/clang/fastcomp/build_master_64/CMakeFiles/CMakeTmp/CMakeFiles 1
Building CXX object CMakeFiles/cmTryCompileExec2099213169.dir/src.cxx.o
/usr/bin/c++    -fPIC -fvisibility-inlines-hidden -Wall -W -Wno-unused-parameter -Wwrite-strings -Wcast-qual -Wno-missing-field-initializers -pedantic -Wno-long-long -Wno-maybe-uninitialized -Wno-comment -std=c++11 -ffunction-sections -fdata-sections -fno-common -Woverloaded-virtual -fno-strict-aliasing -DCXX_SUPPORTS_NO_NESTED_ANON_TYPES_FLAG   -Werror -Wnested-anon-types -o CMakeFiles/cmTryCompileExec2099213169.dir/src.cxx.o -c /tmp/emsdk_portable/clang/fastcomp/build_master_64/CMakeFiles/CMakeTmp/src.cxx
c++: error: unrecognized command line option '-Wnested-anon-types'
CMakeFiles/cmTryCompileExec2099213169.dir/build.make:57: recipe for target 'CMakeFiles/cmTryCompileExec2099213169.dir/src.cxx.o' failed
make[1]: *** [CMakeFiles/cmTryCompileExec2099213169.dir/src.cxx.o] Error 1
make[1]: Leaving directory '/mnt/data/tmp/emsdk_portable/clang/fastcomp/build_master_64/CMakeFiles/CMakeTmp'
Makefile:117: recipe for target 'cmTryCompileExec2099213169/fast' failed
make: *** [cmTryCompileExec2099213169/fast] Error 2

Source file was:
int main() { return 0; }
